<?xml version="1.0" encoding="UTF-8"?>
<!-- Generated by org.testng.reporters.JUnitXMLReporter -->
<testsuite hostname="DS-000000006173" name="Test" tests="1" failures="0" timestamp="24 Oct 2016 12:15:47 GMT" time="0.017" errors="0">
  <testcase name="@BeforeSuite beforeTest" time="0.0" classname="groupSales.US448_GroupSalesLandingPage">
    <failure type="java.lang.IllegalArgumentException" message="FailureScreenshot does not exist">
      <![CDATA[java.lang.IllegalArgumentException: FailureScreenshot does not exist
	at org.apache.commons.io.FileUtils.cleanDirectory(FileUtils.java:1637)
	at eInventoryPageClasses.AbstractTest.beforeTest(AbstractTest.java:78)
... Removed 18 stack frames]]>
    </failure>
  </testcase> <!-- @BeforeSuite beforeTest -->
  <testcase name="@BeforeTest initializeTestData" time="0.0" classname="groupSales.US448_GroupSalesLandingPage">
    <skipped/>
  </testcase> <!-- @BeforeTest initializeTestData -->
  <testcase name="@BeforeMethod beforeMethod" time="0.0" classname="groupSales.US448_GroupSalesLandingPage">
    <skipped/>
  </testcase> <!-- @BeforeMethod beforeMethod -->
  <testcase name="@AfterMethod afterMethod" time="0.0" classname="groupSales.US448_GroupSalesLandingPage">
    <skipped/>
  </testcase> <!-- @AfterMethod afterMethod -->
  <testcase name="@AfterTest afterTest" time="0.0" classname="groupSales.US448_GroupSalesLandingPage">
    <skipped/>
  </testcase> <!-- @AfterTest afterTest -->
  <testcase name="groupSales_US448_TC1298" time="0.001" classname="groupSales.US448_GroupSalesLandingPage">
    <skipped/>
  </testcase> <!-- groupSales_US448_TC1298 -->
</testsuite> <!-- Test -->
